  [1m[35m (0.8ms)[0m  [1m[34mSELECT sqlite_version(*)[0m
  [1m[35m (0.4ms)[0m  [1m[35mCREATE TABLE "schema_migrations" ("version" varchar NOT NULL PRIMARY KEY)[0m
  [1m[35m (0.4ms)[0m  [1m[35mCREATE TABLE "ar_internal_metadata" ("key" varchar NOT NULL PRIMARY KEY, "value" varchar, "created_at" datetime(6) NOT NULL, "updated_at" datetime(6) NOT NULL)[0m
  [1m[35m (0.0ms)[0m  [1m[34mSELECT "schema_migrations"."version" FROM "schema_migrations" ORDER BY "schema_migrations"."version" ASC[0m
Migrating to DeviseCreateUsers (20190503170520)
  [1m[36mTRANSACTION (0.0ms)[0m  [1m[36mbegin transaction[0m
  [1m[35m (0.2ms)[0m  [1m[35mCREATE TABLE "users" ("id" integer PRIMARY KEY AUTOINCREMENT NOT NULL, "email" varchar DEFAULT '' NOT NULL, "encrypted_password" varchar DEFAULT '' NOT NULL, "reset_password_token" varchar, "reset_password_sent_at" datetime, "remember_created_at" datetime, "created_at" datetime NOT NULL, "updated_at" datetime NOT NULL)[0m
  [1m[35m (0.0ms)[0m  [1m[35mCREATE UNIQUE INDEX "index_users_on_email" ON "users" ("email")[0m
  [1m[35m (0.0ms)[0m  [1m[35mCREATE UNIQUE INDEX "index_users_on_reset_password_token" ON "users" ("reset_password_token")[0m
  [1m[36mActiveRecord::SchemaMigration Create (0.0ms)[0m  [1m[32mINSERT INTO "schema_migrations" ("version") VALUES (?)[0m  [["version", "20190503170520"]]
  [1m[36mTRANSACTION (0.3ms)[0m  [1m[36mcommit transaction[0m
Migrating to CreatePosts (20190507162309)
  [1m[36mTRANSACTION (0.0ms)[0m  [1m[36mbegin transaction[0m
  [1m[35m (0.1ms)[0m  [1m[35mCREATE TABLE "posts" ("id" integer PRIMARY KEY AUTOINCREMENT NOT NULL, "title" varchar, "content" text, "user_id" integer, "created_at" datetime NOT NULL, "updated_at" datetime NOT NULL, CONSTRAINT "fk_rails_5b5ddfd518"
FOREIGN KEY ("user_id")
  REFERENCES "users" ("id")
)[0m
  [1m[35m (0.0ms)[0m  [1m[35mCREATE INDEX "index_posts_on_user_id" ON "posts" ("user_id")[0m
  [1m[36mActiveRecord::SchemaMigration Create (0.0ms)[0m  [1m[32mINSERT INTO "schema_migrations" ("version") VALUES (?)[0m  [["version", "20190507162309"]]
  [1m[36mTRANSACTION (0.4ms)[0m  [1m[36mcommit transaction[0m
  [1m[36mActiveRecord::InternalMetadata Load (0.0ms)[0m  [1m[34mSELECT "ar_internal_metadata".* FROM "ar_internal_metadata" WHERE "ar_internal_metadata"."key" = ? LIMIT ?[0m  [["key", "environment"], ["LIMIT", 1]]
  [1m[36mTRANSACTION (0.0ms)[0m  [1m[36mbegin transaction[0m
  [1m[36mActiveRecord::InternalMetadata Create (0.1ms)[0m  [1m[32mINSERT INTO "ar_internal_metadata" ("key", "value", "created_at", "updated_at") VALUES (?, ?, ?, ?)[0m  [["key", "environment"], ["value", "development"], ["created_at", "2022-05-17 19:32:38.534346"], ["updated_at", "2022-05-17 19:32:38.534346"]]
  [1m[36mTRANSACTION (0.2ms)[0m  [1m[36mcommit transaction[0m
  [1m[35m (0.0ms)[0m  [1m[34mSELECT sqlite_version(*)[0m
  [1m[35m (0.0ms)[0m  [1m[34mSELECT "schema_migrations"."version" FROM "schema_migrations" ORDER BY "schema_migrations"."version" ASC[0m
Started GET "/" for ::1 at 2022-05-17 15:35:27 -0400
  [1m[35m (0.4ms)[0m  [1m[34mSELECT sqlite_version(*)[0m
  [1m[35m (0.1ms)[0m  [1m[34mSELECT "schema_migrations"."version" FROM "schema_migrations" ORDER BY "schema_migrations"."version" ASC[0m
Processing by WelcomeController#home as HTML
  Rendering layout layouts/application.html.erb
  Rendering welcome/home.html.erb within layouts/application
  Rendered welcome/home.html.erb within layouts/application (Duration: 1.7ms | Allocations: 610)
  Rendered layout layouts/application.html.erb (Duration: 780.3ms | Allocations: 2474028)
Completed 200 OK in 787ms (Views: 782.8ms | ActiveRecord: 0.0ms | Allocations: 2476314)


Started GET "/users/sign_in" for ::1 at 2022-05-17 15:35:30 -0400
Processing by Devise::SessionsController#new as HTML
  Rendering layout layouts/application.html.erb
  Rendering /Users/patrickliang/.rvm/gems/ruby-2.7.4/gems/devise-4.8.1/app/views/devise/sessions/new.html.erb within layouts/application
  Rendered /Users/patrickliang/.rvm/gems/ruby-2.7.4/gems/devise-4.8.1/app/views/devise/shared/_links.html.erb (Duration: 1.1ms | Allocations: 586)
  Rendered /Users/patrickliang/.rvm/gems/ruby-2.7.4/gems/devise-4.8.1/app/views/devise/sessions/new.html.erb within layouts/application (Duration: 28.4ms | Allocations: 9524)
  Rendered layout layouts/application.html.erb (Duration: 35.2ms | Allocations: 19745)
Completed 200 OK in 49ms (Views: 38.6ms | ActiveRecord: 0.6ms | Allocations: 25409)


Started GET "/users/sign_up" for ::1 at 2022-05-17 15:35:38 -0400
Processing by Devise::RegistrationsController#new as HTML
  Rendering layout layouts/application.html.erb
  Rendering /Users/patrickliang/.rvm/gems/ruby-2.7.4/gems/devise-4.8.1/app/views/devise/registrations/new.html.erb within layouts/application
  Rendered /Users/patrickliang/.rvm/gems/ruby-2.7.4/gems/devise-4.8.1/app/views/devise/shared/_error_messages.html.erb (Duration: 0.9ms | Allocations: 186)
  Rendered /Users/patrickliang/.rvm/gems/ruby-2.7.4/gems/devise-4.8.1/app/views/devise/shared/_links.html.erb (Duration: 0.4ms | Allocations: 115)
  Rendered /Users/patrickliang/.rvm/gems/ruby-2.7.4/gems/devise-4.8.1/app/views/devise/registrations/new.html.erb within layouts/application (Duration: 5.4ms | Allocations: 2038)
  Rendered layout layouts/application.html.erb (Duration: 17.5ms | Allocations: 12195)
Completed 200 OK in 20ms (Views: 18.8ms | ActiveRecord: 0.0ms | Allocations: 13316)


Started GET "/" for ::1 at 2022-05-17 15:37:40 -0400
Processing by WelcomeController#home as HTML
  Rendering layout layouts/application.html.erb
  Rendering welcome/home.html.erb within layouts/application
  Rendered welcome/home.html.erb within layouts/application (Duration: 1.3ms | Allocations: 166)
  Rendered layout layouts/application.html.erb (Duration: 15.6ms | Allocations: 10334)
Completed 200 OK in 19ms (Views: 16.7ms | ActiveRecord: 0.0ms | Allocations: 10770)


Started GET "/app" for ::1 at 2022-05-17 15:39:46 -0400
Processing by WelcomeController#app as HTML
Completed 401 Unauthorized in 0ms (ActiveRecord: 0.0ms | Allocations: 279)


Started GET "/users/sign_in" for ::1 at 2022-05-17 15:39:46 -0400
Processing by Devise::SessionsController#new as HTML
  Rendering layout layouts/application.html.erb
  Rendering /Users/patrickliang/.rvm/gems/ruby-2.7.4/gems/devise-4.8.1/app/views/devise/sessions/new.html.erb within layouts/application
  Rendered /Users/patrickliang/.rvm/gems/ruby-2.7.4/gems/devise-4.8.1/app/views/devise/shared/_links.html.erb (Duration: 0.1ms | Allocations: 134)
  Rendered /Users/patrickliang/.rvm/gems/ruby-2.7.4/gems/devise-4.8.1/app/views/devise/sessions/new.html.erb within layouts/application (Duration: 1.2ms | Allocations: 1255)
  Rendered layout layouts/application.html.erb (Duration: 8.7ms | Allocations: 11415)
Completed 200 OK in 10ms (Views: 9.1ms | ActiveRecord: 0.0ms | Allocations: 12089)


Started GET "/users/sign_up" for ::1 at 2022-05-17 15:39:50 -0400
Processing by Devise::RegistrationsController#new as HTML
  Rendering layout layouts/application.html.erb
  Rendering /Users/patrickliang/.rvm/gems/ruby-2.7.4/gems/devise-4.8.1/app/views/devise/registrations/new.html.erb within layouts/application
  Rendered /Users/patrickliang/.rvm/gems/ruby-2.7.4/gems/devise-4.8.1/app/views/devise/shared/_error_messages.html.erb (Duration: 0.0ms | Allocations: 9)
  Rendered /Users/patrickliang/.rvm/gems/ruby-2.7.4/gems/devise-4.8.1/app/views/devise/shared/_links.html.erb (Duration: 0.2ms | Allocations: 78)
  Rendered /Users/patrickliang/.rvm/gems/ruby-2.7.4/gems/devise-4.8.1/app/views/devise/registrations/new.html.erb within layouts/application (Duration: 2.4ms | Allocations: 1223)
  Rendered layout layouts/application.html.erb (Duration: 15.6ms | Allocations: 11370)
Completed 200 OK in 18ms (Views: 16.4ms | ActiveRecord: 0.0ms | Allocations: 11943)


Started POST "/users" for ::1 at 2022-05-17 15:40:05 -0400
Processing by Devise::RegistrationsController#create as HTML
  Parameters: {"utf8"=>"✓", "authenticity_token"=>"ChM15R2DpfDPSC7CajBB3UxbTZBYswXpacIJdnn3y0gcYjWgBLfIJKaPfAhr/rVFa07CHf18LBGg09faKDOOKA==", "user"=>{"email"=>"p@p.com", "password"=>"[FILTERED]", "password_confirmation"=>"[FILTERED]"}, "commit"=>"Sign up"}
  [1m[36mTRANSACTION (0.0ms)[0m  [1m[36mbegin transaction[0m
  [1m[36mUser Exists? (0.1ms)[0m  [1m[34mSELECT 1 AS one FROM "users" WHERE "users"."email" = ? LIMIT ?[0m  [["email", "p@p.com"], ["LIMIT", 1]]
  [1m[36mUser Create (0.5ms)[0m  [1m[32mINSERT INTO "users" ("email", "encrypted_password", "created_at", "updated_at") VALUES (?, ?, ?, ?)[0m  [["email", "p@p.com"], ["encrypted_password", "$2a$11$IDEsHy5CLkPnM2uY.sv4Nuc7qz8Qo6W6HVPaspCGr4.RHXGtD6alW"], ["created_at", "2022-05-17 19:40:05.997917"], ["updated_at", "2022-05-17 19:40:05.997917"]]
  [1m[36mTRANSACTION (0.3ms)[0m  [1m[36mcommit transaction[0m
Redirected to http://localhost:3000/app
Completed 302 Found in 229ms (ActiveRecord: 0.9ms | Allocations: 7703)


Started GET "/app" for ::1 at 2022-05-17 15:40:06 -0400
Processing by WelcomeController#app as HTML
  [1m[36mUser Load (0.1ms)[0m  [1m[34mSELECT "users".* FROM "users" WHERE "users"."id" = ? ORDER BY "users"."id" ASC LIMIT ?[0m  [["id", 1], ["LIMIT", 1]]
  Rendering layout layouts/application.html.erb
  Rendering welcome/app.html.erb within layouts/application
  Rendered welcome/app.html.erb within layouts/application (Duration: 1.6ms | Allocations: 1213)
  Rendered layout layouts/application.html.erb (Duration: 5.3ms | Allocations: 11366)
Completed 200 OK in 7ms (Views: 5.5ms | ActiveRecord: 0.1ms | Allocations: 12979)


Started GET "/api/v1/posts" for ::1 at 2022-05-17 15:40:06 -0400
Processing by Api::V1::PostsController#index as */*
  [1m[36mUser Load (0.1ms)[0m  [1m[34mSELECT "users".* FROM "users" WHERE "users"."id" = ? ORDER BY "users"."id" ASC LIMIT ?[0m  [["id", 1], ["LIMIT", 1]]
  ↳ app/controllers/api/v1/posts_controller.rb:5:in `index'
  [1m[36mPost Load (0.0ms)[0m  [1m[34mSELECT "posts".* FROM "posts" WHERE "posts"."user_id" = ?[0m  [["user_id", 1]]
  ↳ app/controllers/api/v1/posts_controller.rb:6:in `index'
Completed 200 OK in 12ms (Views: 2.5ms | ActiveRecord: 0.2ms | Allocations: 7596)


Started POST "/api/v1/posts" for ::1 at 2022-05-17 15:40:11 -0400
Processing by Api::V1::PostsController#create as */*
  Parameters: {"title"=>"", "content"=>"", "post"=>{"title"=>"", "content"=>""}}
  [1m[36mUser Load (0.4ms)[0m  [1m[34mSELECT "users".* FROM "users" WHERE "users"."id" = ? ORDER BY "users"."id" ASC LIMIT ?[0m  [["id", 1], ["LIMIT", 1]]
  ↳ app/controllers/api/v1/posts_controller.rb:13:in `create'
Completed 201 Created in 22ms (Views: 0.4ms | ActiveRecord: 0.9ms | Allocations: 5667)


Started GET "/api/v1/posts" for ::1 at 2022-05-17 15:40:11 -0400
Processing by Api::V1::PostsController#index as */*
  [1m[36mUser Load (0.2ms)[0m  [1m[34mSELECT "users".* FROM "users" WHERE "users"."id" = ? ORDER BY "users"."id" ASC LIMIT ?[0m  [["id", 1], ["LIMIT", 1]]
  ↳ app/controllers/api/v1/posts_controller.rb:5:in `index'
  [1m[36mPost Load (0.1ms)[0m  [1m[34mSELECT "posts".* FROM "posts" WHERE "posts"."user_id" = ?[0m  [["user_id", 1]]
  ↳ app/controllers/api/v1/posts_controller.rb:6:in `index'
Completed 200 OK in 3ms (Views: 0.9ms | ActiveRecord: 0.3ms | Allocations: 1542)


Started GET "/api/v1/posts" for ::1 at 2022-05-17 15:40:16 -0400
Processing by Api::V1::PostsController#index as */*
  [1m[36mUser Load (0.1ms)[0m  [1m[34mSELECT "users".* FROM "users" WHERE "users"."id" = ? ORDER BY "users"."id" ASC LIMIT ?[0m  [["id", 1], ["LIMIT", 1]]
  ↳ app/controllers/api/v1/posts_controller.rb:5:in `index'
  [1m[36mPost Load (0.0ms)[0m  [1m[34mSELECT "posts".* FROM "posts" WHERE "posts"."user_id" = ?[0m  [["user_id", 1]]
  ↳ app/controllers/api/v1/posts_controller.rb:6:in `index'
Completed 200 OK in 3ms (Views: 0.8ms | ActiveRecord: 0.2ms | Allocations: 1551)


Started GET "/users/sign_up" for ::1 at 2022-05-17 15:40:17 -0400
Processing by Devise::RegistrationsController#new as HTML
  [1m[36mUser Load (0.4ms)[0m  [1m[34mSELECT "users".* FROM "users" WHERE "users"."id" = ? ORDER BY "users"."id" ASC LIMIT ?[0m  [["id", 1], ["LIMIT", 1]]
Redirected to http://localhost:3000/
Filter chain halted as :require_no_authentication rendered or redirected
Completed 302 Found in 9ms (ActiveRecord: 0.4ms | Allocations: 1347)


Started GET "/" for ::1 at 2022-05-17 15:40:26 -0400
Processing by WelcomeController#home as HTML
  Rendering layout layouts/application.html.erb
  Rendering welcome/home.html.erb within layouts/application
  [1m[36mUser Load (0.2ms)[0m  [1m[34mSELECT "users".* FROM "users" WHERE "users"."id" = ? ORDER BY "users"."id" ASC LIMIT ?[0m  [["id", 1], ["LIMIT", 1]]
  ↳ app/views/welcome/home.html.erb:2
  Rendered welcome/home.html.erb within layouts/application (Duration: 2.3ms | Allocations: 769)
  Rendered layout layouts/application.html.erb (Duration: 15.2ms | Allocations: 10933)
Completed 200 OK in 17ms (Views: 15.8ms | ActiveRecord: 0.2ms | Allocations: 11401)


Started DELETE "/users/sign_out" for ::1 at 2022-05-17 15:40:28 -0400
Processing by Devise::SessionsController#destroy as HTML
  Parameters: {"authenticity_token"=>"oKAgShSlUAXWzGy+ellqpLwFvRxlXM+BCnFt1LZMeSg1bVAQQe2byChP4D+VElEhInrWpug205ACpH2oJaXcug=="}
  [1m[36mUser Load (0.4ms)[0m  [1m[34mSELECT "users".* FROM "users" WHERE "users"."id" = ? ORDER BY "users"."id" ASC LIMIT ?[0m  [["id", 1], ["LIMIT", 1]]
Redirected to http://localhost:3000/
Completed 302 Found in 19ms (ActiveRecord: 0.4ms | Allocations: 2119)


Started GET "/" for ::1 at 2022-05-17 15:40:28 -0400
Processing by WelcomeController#home as HTML
  Rendering layout layouts/application.html.erb
  Rendering welcome/home.html.erb within layouts/application
  Rendered welcome/home.html.erb within layouts/application (Duration: 0.4ms | Allocations: 160)
  Rendered layout layouts/application.html.erb (Duration: 8.3ms | Allocations: 10320)
Completed 200 OK in 9ms (Views: 8.8ms | ActiveRecord: 0.0ms | Allocations: 10754)


Started GET "/users/sign_in" for ::1 at 2022-05-17 15:40:29 -0400
Processing by Devise::SessionsController#new as HTML
  Rendering layout layouts/application.html.erb
  Rendering /Users/patrickliang/.rvm/gems/ruby-2.7.4/gems/devise-4.8.1/app/views/devise/sessions/new.html.erb within layouts/application
  Rendered /Users/patrickliang/.rvm/gems/ruby-2.7.4/gems/devise-4.8.1/app/views/devise/shared/_links.html.erb (Duration: 0.7ms | Allocations: 134)
  Rendered /Users/patrickliang/.rvm/gems/ruby-2.7.4/gems/devise-4.8.1/app/views/devise/sessions/new.html.erb within layouts/application (Duration: 5.6ms | Allocations: 1255)
  Rendered layout layouts/application.html.erb (Duration: 22.7ms | Allocations: 11411)
Completed 200 OK in 26ms (Views: 24.1ms | ActiveRecord: 0.0ms | Allocations: 12027)


Started POST "/users/sign_in" for ::1 at 2022-05-17 15:40:34 -0400
Processing by Devise::SessionsController#create as HTML
  Parameters: {"utf8"=>"✓", "authenticity_token"=>"zdYzrvh6sLSVbqA27vSOktcYFFiQ9du1PA5BQI9ATp7ngOaDJmuotIxZPBW3TdXZav4QH8yb/xBqjzzV19vLdA==", "user"=>{"email"=>"p@p.com", "password"=>"[FILTERED]", "remember_me"=>"0"}, "commit"=>"Log in"}
  [1m[36mUser Load (0.3ms)[0m  [1m[34mSELECT "users".* FROM "users" WHERE "users"."email" = ? ORDER BY "users"."id" ASC LIMIT ?[0m  [["email", "p@p.com"], ["LIMIT", 1]]
Redirected to http://localhost:3000/
Completed 302 Found in 160ms (ActiveRecord: 0.3ms | Allocations: 2475)


Started GET "/" for ::1 at 2022-05-17 15:40:34 -0400
Processing by WelcomeController#home as HTML
  Rendering layout layouts/application.html.erb
  Rendering welcome/home.html.erb within layouts/application
  [1m[36mUser Load (0.1ms)[0m  [1m[34mSELECT "users".* FROM "users" WHERE "users"."id" = ? ORDER BY "users"."id" ASC LIMIT ?[0m  [["id", 1], ["LIMIT", 1]]
  ↳ app/views/welcome/home.html.erb:2
  Rendered welcome/home.html.erb within layouts/application (Duration: 0.8ms | Allocations: 757)
  Rendered layout layouts/application.html.erb (Duration: 4.1ms | Allocations: 10917)
Completed 200 OK in 5ms (Views: 4.2ms | ActiveRecord: 0.1ms | Allocations: 11380)


Started GET "/app" for ::1 at 2022-05-17 15:40:37 -0400
Processing by WelcomeController#app as HTML
  [1m[36mUser Load (0.2ms)[0m  [1m[34mSELECT "users".* FROM "users" WHERE "users"."id" = ? ORDER BY "users"."id" ASC LIMIT ?[0m  [["id", 1], ["LIMIT", 1]]
  Rendering layout layouts/application.html.erb
  Rendering welcome/app.html.erb within layouts/application
  Rendered welcome/app.html.erb within layouts/application (Duration: 2.4ms | Allocations: 1107)
  Rendered layout layouts/application.html.erb (Duration: 9.4ms | Allocations: 11245)
Completed 200 OK in 12ms (Views: 9.9ms | ActiveRecord: 0.2ms | Allocations: 12609)


Started GET "/api/v1/posts" for ::1 at 2022-05-17 15:40:37 -0400
Processing by Api::V1::PostsController#index as */*
  [1m[36mUser Load (0.1ms)[0m  [1m[34mSELECT "users".* FROM "users" WHERE "users"."id" = ? ORDER BY "users"."id" ASC LIMIT ?[0m  [["id", 1], ["LIMIT", 1]]
  ↳ app/controllers/api/v1/posts_controller.rb:5:in `index'
  [1m[36mPost Load (0.0ms)[0m  [1m[34mSELECT "posts".* FROM "posts" WHERE "posts"."user_id" = ?[0m  [["user_id", 1]]
  ↳ app/controllers/api/v1/posts_controller.rb:6:in `index'
Completed 200 OK in 2ms (Views: 0.5ms | ActiveRecord: 0.1ms | Allocations: 1544)


Started GET "/api/v1/posts" for ::1 at 2022-05-17 15:40:40 -0400
Processing by Api::V1::PostsController#index as */*
  [1m[36mUser Load (0.4ms)[0m  [1m[34mSELECT "users".* FROM "users" WHERE "users"."id" = ? ORDER BY "users"."id" ASC LIMIT ?[0m  [["id", 1], ["LIMIT", 1]]
  ↳ app/controllers/api/v1/posts_controller.rb:5:in `index'
  [1m[36mPost Load (0.3ms)[0m  [1m[34mSELECT "posts".* FROM "posts" WHERE "posts"."user_id" = ?[0m  [["user_id", 1]]
  ↳ app/controllers/api/v1/posts_controller.rb:6:in `index'
Completed 200 OK in 9ms (Views: 2.5ms | ActiveRecord: 0.7ms | Allocations: 1541)


Started GET "/app" for ::1 at 2022-05-17 15:41:03 -0400
Processing by WelcomeController#app as HTML
  [1m[36mUser Load (1.0ms)[0m  [1m[34mSELECT "users".* FROM "users" WHERE "users"."id" = ? ORDER BY "users"."id" ASC LIMIT ?[0m  [["id", 1], ["LIMIT", 1]]
  Rendering layout layouts/application.html.erb
  Rendering welcome/app.html.erb within layouts/application
  Rendered welcome/app.html.erb within layouts/application (Duration: 3.4ms | Allocations: 1549)
  Rendered layout layouts/application.html.erb (Duration: 16.6ms | Allocations: 13421)
Completed 200 OK in 21ms (Views: 17.2ms | ActiveRecord: 1.0ms | Allocations: 14774)


Started GET "/api/v1/posts" for ::1 at 2022-05-17 15:41:03 -0400
Processing by Api::V1::PostsController#index as */*
  [1m[36mUser Load (0.2ms)[0m  [1m[34mSELECT "users".* FROM "users" WHERE "users"."id" = ? ORDER BY "users"."id" ASC LIMIT ?[0m  [["id", 1], ["LIMIT", 1]]
  ↳ app/controllers/api/v1/posts_controller.rb:5:in `index'
  [1m[36mPost Load (0.1ms)[0m  [1m[34mSELECT "posts".* FROM "posts" WHERE "posts"."user_id" = ?[0m  [["user_id", 1]]
  ↳ app/controllers/api/v1/posts_controller.rb:6:in `index'
Completed 200 OK in 4ms (Views: 1.3ms | ActiveRecord: 0.3ms | Allocations: 1547)


Started GET "/api/v1/posts" for ::1 at 2022-05-17 15:41:03 -0400
Processing by Api::V1::PostsController#index as */*
  [1m[36mUser Load (0.1ms)[0m  [1m[34mSELECT "users".* FROM "users" WHERE "users"."id" = ? ORDER BY "users"."id" ASC LIMIT ?[0m  [["id", 1], ["LIMIT", 1]]
  ↳ app/controllers/api/v1/posts_controller.rb:5:in `index'
  [1m[36mPost Load (0.0ms)[0m  [1m[34mSELECT "posts".* FROM "posts" WHERE "posts"."user_id" = ?[0m  [["user_id", 1]]
  ↳ app/controllers/api/v1/posts_controller.rb:6:in `index'
Completed 200 OK in 1ms (Views: 0.5ms | ActiveRecord: 0.1ms | Allocations: 1550)


  [1m[35m (0.2ms)[0m  [1m[34mSELECT sqlite_version(*)[0m
  [1m[35m (0.0ms)[0m  [1m[34mSELECT "schema_migrations"."version" FROM "schema_migrations" ORDER BY "schema_migrations"."version" ASC[0m
  [1m[36mActiveRecord::InternalMetadata Load (0.1ms)[0m  [1m[34mSELECT "ar_internal_metadata".* FROM "ar_internal_metadata" WHERE "ar_internal_metadata"."key" = ? LIMIT ?[0m  [["key", "environment"], ["LIMIT", 1]]
  [1m[35m (0.0ms)[0m  [1m[34mSELECT sqlite_version(*)[0m
  [1m[35m (0.0ms)[0m  [1m[34mSELECT "schema_migrations"."version" FROM "schema_migrations" ORDER BY "schema_migrations"."version" ASC[0m
  [1m[35m (0.2ms)[0m  [1m[34mSELECT sqlite_version(*)[0m
  [1m[35m (0.0ms)[0m  [1m[34mSELECT "schema_migrations"."version" FROM "schema_migrations" ORDER BY "schema_migrations"."version" ASC[0m
  [1m[36mActiveRecord::InternalMetadata Load (0.0ms)[0m  [1m[34mSELECT "ar_internal_metadata".* FROM "ar_internal_metadata" WHERE "ar_internal_metadata"."key" = ? LIMIT ?[0m  [["key", "environment"], ["LIMIT", 1]]
  [1m[35m (0.0ms)[0m  [1m[34mSELECT sqlite_version(*)[0m
  [1m[35m (0.0ms)[0m  [1m[34mSELECT "schema_migrations"."version" FROM "schema_migrations" ORDER BY "schema_migrations"."version" ASC[0m
Started GET "/" for ::1 at 2022-05-17 15:47:53 -0400
  [1m[35m (0.2ms)[0m  [1m[34mSELECT sqlite_version(*)[0m
  [1m[35m (0.0ms)[0m  [1m[34mSELECT "schema_migrations"."version" FROM "schema_migrations" ORDER BY "schema_migrations"."version" ASC[0m
Processing by WelcomeController#home as HTML
  Rendering layout layouts/application.html.erb
  Rendering welcome/home.html.erb within layouts/application
  [1m[36mUser Load (0.1ms)[0m  [1m[34mSELECT "users".* FROM "users" WHERE "users"."id" = ? ORDER BY "users"."id" ASC LIMIT ?[0m  [["id", 1], ["LIMIT", 1]]
  ↳ app/views/welcome/home.html.erb:2
  Rendered welcome/home.html.erb within layouts/application (Duration: 4.4ms | Allocations: 5294)
  Rendered layout layouts/application.html.erb (Duration: 706.0ms | Allocations: 2470992)
Completed 200 OK in 710ms (Views: 706.9ms | ActiveRecord: 0.3ms | Allocations: 2472772)


Started GET "/" for ::1 at 2022-05-17 17:24:19 -0400
  [1m[35m (0.3ms)[0m  [1m[34mSELECT sqlite_version(*)[0m
  [1m[35m (0.0ms)[0m  [1m[34mSELECT "schema_migrations"."version" FROM "schema_migrations" ORDER BY "schema_migrations"."version" ASC[0m
Processing by WelcomeController#home as HTML
  Rendering layout layouts/application.html.erb
  Rendering welcome/home.html.erb within layouts/application
  [1m[36mUser Load (0.2ms)[0m  [1m[34mSELECT "users".* FROM "users" WHERE "users"."id" = ? ORDER BY "users"."id" ASC LIMIT ?[0m  [["id", 1], ["LIMIT", 1]]
  ↳ app/views/welcome/home.html.erb:2
  Rendered welcome/home.html.erb within layouts/application (Duration: 4.3ms | Allocations: 5294)
  Rendered layout layouts/application.html.erb (Duration: 680.6ms | Allocations: 2470992)
Completed 200 OK in 685ms (Views: 681.5ms | ActiveRecord: 0.4ms | Allocations: 2472778)


Started DELETE "/users/sign_out" for ::1 at 2022-05-17 17:24:24 -0400
Processing by Devise::SessionsController#destroy as HTML
  Parameters: {"authenticity_token"=>"PWWqNSd9QhHIEELOGK0HiPxda8W8TYCdsXMuoNPFqGzpZFFzng3ZSNrAN7+QfEw0O0LfNuHtdsMCVCdMIxEWPA=="}
  [1m[36mUser Load (0.1ms)[0m  [1m[34mSELECT "users".* FROM "users" WHERE "users"."id" = ? ORDER BY "users"."id" ASC LIMIT ?[0m  [["id", 1], ["LIMIT", 1]]
Redirected to http://localhost:3000/
Completed 302 Found in 8ms (ActiveRecord: 0.1ms | Allocations: 4438)


Started GET "/" for ::1 at 2022-05-17 17:24:24 -0400
Processing by WelcomeController#home as HTML
  Rendering layout layouts/application.html.erb
  Rendering welcome/home.html.erb within layouts/application
  Rendered welcome/home.html.erb within layouts/application (Duration: 1.4ms | Allocations: 182)
  Rendered layout layouts/application.html.erb (Duration: 7.5ms | Allocations: 10349)
Completed 200 OK in 8ms (Views: 7.8ms | ActiveRecord: 0.0ms | Allocations: 10794)


Started GET "/" for ::1 at 2022-05-17 17:24:53 -0400
Processing by WelcomeController#home as HTML
  Rendering layout layouts/application.html.erb
  Rendering welcome/home.html.erb within layouts/application
  Rendered welcome/home.html.erb within layouts/application (Duration: 0.6ms | Allocations: 158)
  Rendered layout layouts/application.html.erb (Duration: 14.4ms | Allocations: 10345)
Completed 200 OK in 16ms (Views: 15.1ms | ActiveRecord: 0.0ms | Allocations: 10780)


Started GET "/app" for ::1 at 2022-05-17 17:24:59 -0400
Processing by WelcomeController#app as HTML
Completed 401 Unauthorized in 2ms (ActiveRecord: 0.0ms | Allocations: 286)


Started GET "/users/sign_in" for ::1 at 2022-05-17 17:24:59 -0400
Processing by Devise::SessionsController#new as HTML
  Rendering layout layouts/application.html.erb
  Rendering /Users/patrickliang/.rvm/gems/ruby-2.7.4/gems/devise-4.8.1/app/views/devise/sessions/new.html.erb within layouts/application
  Rendered /Users/patrickliang/.rvm/gems/ruby-2.7.4/gems/devise-4.8.1/app/views/devise/shared/_links.html.erb (Duration: 1.1ms | Allocations: 590)
  Rendered /Users/patrickliang/.rvm/gems/ruby-2.7.4/gems/devise-4.8.1/app/views/devise/sessions/new.html.erb within layouts/application (Duration: 8.8ms | Allocations: 4119)
  Rendered layout layouts/application.html.erb (Duration: 18.6ms | Allocations: 14303)
Completed 200 OK in 22ms (Views: 20.5ms | ActiveRecord: 0.0ms | Allocations: 15855)


Started GET "/users/sign_in" for ::1 at 2022-05-17 17:25:14 -0400
Processing by Devise::SessionsController#new as HTML
  Rendering layout layouts/application.html.erb
  Rendering /Users/patrickliang/.rvm/gems/ruby-2.7.4/gems/devise-4.8.1/app/views/devise/sessions/new.html.erb within layouts/application
  Rendered /Users/patrickliang/.rvm/gems/ruby-2.7.4/gems/devise-4.8.1/app/views/devise/shared/_links.html.erb (Duration: 0.5ms | Allocations: 134)
  Rendered /Users/patrickliang/.rvm/gems/ruby-2.7.4/gems/devise-4.8.1/app/views/devise/sessions/new.html.erb within layouts/application (Duration: 6.3ms | Allocations: 1250)
  Rendered layout layouts/application.html.erb (Duration: 21.4ms | Allocations: 11424)
Completed 200 OK in 24ms (Views: 22.3ms | ActiveRecord: 0.0ms | Allocations: 12059)


Started POST "/users/sign_in" for ::1 at 2022-05-17 17:25:20 -0400
Processing by Devise::SessionsController#create as HTML
  Parameters: {"utf8"=>"✓", "authenticity_token"=>"wUhbzOL7qsqxRp3r4gv2u4AUb6cSRz4E1iwlUSIGZnXN02yvwmw6im2yY/uiw3cXMvCCrgNe4tMQLsbBBtkVhw==", "user"=>{"email"=>"p@p.com", "password"=>"[FILTERED]", "remember_me"=>"0"}, "commit"=>"Log in"}
  [1m[36mUser Load (0.5ms)[0m  [1m[34mSELECT "users".* FROM "users" WHERE "users"."email" = ? ORDER BY "users"."id" ASC LIMIT ?[0m  [["email", "p@p.com"], ["LIMIT", 1]]
Completed 401 Unauthorized in 163ms (ActiveRecord: 0.5ms | Allocations: 1969)


Processing by Devise::SessionsController#new as HTML
  Parameters: {"utf8"=>"✓", "authenticity_token"=>"wUhbzOL7qsqxRp3r4gv2u4AUb6cSRz4E1iwlUSIGZnXN02yvwmw6im2yY/uiw3cXMvCCrgNe4tMQLsbBBtkVhw==", "user"=>{"email"=>"p@p.com", "password"=>"[FILTERED]", "remember_me"=>"0"}, "commit"=>"Log in"}
  Rendering layout layouts/application.html.erb
  Rendering /Users/patrickliang/.rvm/gems/ruby-2.7.4/gems/devise-4.8.1/app/views/devise/sessions/new.html.erb within layouts/application
  Rendered /Users/patrickliang/.rvm/gems/ruby-2.7.4/gems/devise-4.8.1/app/views/devise/shared/_links.html.erb (Duration: 0.1ms | Allocations: 134)
  Rendered /Users/patrickliang/.rvm/gems/ruby-2.7.4/gems/devise-4.8.1/app/views/devise/sessions/new.html.erb within layouts/application (Duration: 1.0ms | Allocations: 1246)
  Rendered layout layouts/application.html.erb (Duration: 4.9ms | Allocations: 11411)
Completed 200 OK in 139ms (Views: 15.9ms | ActiveRecord: 0.0ms | Allocations: 12629)


Started POST "/users/sign_in" for ::1 at 2022-05-17 17:25:24 -0400
Processing by Devise::SessionsController#create as HTML
  Parameters: {"utf8"=>"✓", "authenticity_token"=>"QIPXkQJWEYZGLUXeinwFHBF2/RKzv4Bvg2eguvyi8elsl0w1m2YLMJMfWMv/t+62vt/8fBsZYRldm3KGwg3xIQ==", "user"=>{"email"=>"p@p.com", "password"=>"[FILTERED]", "remember_me"=>"0"}, "commit"=>"Log in"}
  [1m[36mUser Load (0.9ms)[0m  [1m[34mSELECT "users".* FROM "users" WHERE "users"."email" = ? ORDER BY "users"."id" ASC LIMIT ?[0m  [["email", "p@p.com"], ["LIMIT", 1]]
Redirected to http://localhost:3000/app
Completed 302 Found in 163ms (ActiveRecord: 0.9ms | Allocations: 5881)


Started GET "/app" for ::1 at 2022-05-17 17:25:24 -0400
Processing by WelcomeController#app as HTML
  [1m[36mUser Load (0.1ms)[0m  [1m[34mSELECT "users".* FROM "users" WHERE "users"."id" = ? ORDER BY "users"."id" ASC LIMIT ?[0m  [["id", 1], ["LIMIT", 1]]
  Rendering layout layouts/application.html.erb
  Rendering welcome/app.html.erb within layouts/application
[Webpacker] Compiling...
Started GET "/users/password/new" for ::1 at 2022-05-17 17:25:27 -0400
[Webpacker] Compiled all packs in /Users/patrickliang/Desktop/Development/code/rails-react-devise/public/packs
[Webpacker] Browserslist: caniuse-lite is outdated. Please run next command `yarn upgrade`

  Rendered welcome/app.html.erb within layouts/application (Duration: 3984.7ms | Allocations: 546138)
  Rendered layout layouts/application.html.erb (Duration: 3988.3ms | Allocations: 556318)
Completed 200 OK in 3990ms (Views: 3988.6ms | ActiveRecord: 0.1ms | Allocations: 557824)


Processing by Devise::PasswordsController#new as HTML
  [1m[36mUser Load (0.1ms)[0m  [1m[34mSELECT "users".* FROM "users" WHERE "users"."id" = ? ORDER BY "users"."id" ASC LIMIT ?[0m  [["id", 1], ["LIMIT", 1]]
Redirected to http://localhost:3000/
Filter chain halted as :require_no_authentication rendered or redirected
Completed 302 Found in 1ms (ActiveRecord: 0.1ms | Allocations: 1422)


Started GET "/api/v1/posts" for ::1 at 2022-05-17 17:25:28 -0400
Processing by Api::V1::PostsController#index as */*
  [1m[36mUser Load (0.1ms)[0m  [1m[34mSELECT "users".* FROM "users" WHERE "users"."id" = ? ORDER BY "users"."id" ASC LIMIT ?[0m  [["id", 1], ["LIMIT", 1]]
  ↳ app/controllers/api/v1/posts_controller.rb:5:in `index'
  [1m[36mPost Load (0.2ms)[0m  [1m[34mSELECT "posts".* FROM "posts" WHERE "posts"."user_id" = ?[0m  [["user_id", 1]]
  ↳ app/controllers/api/v1/posts_controller.rb:6:in `index'
Completed 200 OK in 8ms (Views: 1.8ms | ActiveRecord: 0.5ms | Allocations: 5114)


Started GET "/api/v1/posts" for ::1 at 2022-05-17 17:25:37 -0400
Processing by Api::V1::PostsController#index as */*
  [1m[36mUser Load (0.3ms)[0m  [1m[34mSELECT "users".* FROM "users" WHERE "users"."id" = ? ORDER BY "users"."id" ASC LIMIT ?[0m  [["id", 1], ["LIMIT", 1]]
  ↳ app/controllers/api/v1/posts_controller.rb:5:in `index'
  [1m[36mPost Load (0.2ms)[0m  [1m[34mSELECT "posts".* FROM "posts" WHERE "posts"."user_id" = ?[0m  [["user_id", 1]]
  ↳ app/controllers/api/v1/posts_controller.rb:6:in `index'
Completed 200 OK in 8ms (Views: 2.5ms | ActiveRecord: 0.5ms | Allocations: 1557)


Started GET "/users/password/new" for ::1 at 2022-05-17 17:25:37 -0400
Processing by Devise::PasswordsController#new as HTML
  [1m[36mUser Load (1.3ms)[0m  [1m[34mSELECT "users".* FROM "users" WHERE "users"."id" = ? ORDER BY "users"."id" ASC LIMIT ?[0m  [["id", 1], ["LIMIT", 1]]
Redirected to http://localhost:3000/
Filter chain halted as :require_no_authentication rendered or redirected
Completed 302 Found in 8ms (ActiveRecord: 1.3ms | Allocations: 1314)


Started GET "/" for ::1 at 2022-05-17 17:25:40 -0400
Processing by WelcomeController#home as HTML
  Rendering layout layouts/application.html.erb
  Rendering welcome/home.html.erb within layouts/application
  [1m[36mUser Load (0.4ms)[0m  [1m[34mSELECT "users".* FROM "users" WHERE "users"."id" = ? ORDER BY "users"."id" ASC LIMIT ?[0m  [["id", 1], ["LIMIT", 1]]
  ↳ app/views/welcome/home.html.erb:2
  Rendered welcome/home.html.erb within layouts/application (Duration: 4.8ms | Allocations: 779)
  Rendered layout layouts/application.html.erb (Duration: 25.6ms | Allocations: 11658)
Completed 200 OK in 28ms (Views: 26.4ms | ActiveRecord: 0.4ms | Allocations: 12137)


Started DELETE "/users/sign_out" for ::1 at 2022-05-17 17:25:41 -0400
Processing by Devise::SessionsController#destroy as HTML
  Parameters: {"authenticity_token"=>"T1g4cOFnsUaOUYZlik6ooQel8CM56WyFMU2TfrIOBxQsBTUVtij0C24HHZbGkUXoLKkXbwKd02qhfauoKq4qMA=="}
  [1m[36mUser Load (0.4ms)[0m  [1m[34mSELECT "users".* FROM "users" WHERE "users"."id" = ? ORDER BY "users"."id" ASC LIMIT ?[0m  [["id", 1], ["LIMIT", 1]]
Redirected to http://localhost:3000/
Completed 302 Found in 9ms (ActiveRecord: 0.4ms | Allocations: 1620)


Started GET "/" for ::1 at 2022-05-17 17:25:41 -0400
Processing by WelcomeController#home as HTML
  Rendering layout layouts/application.html.erb
  Rendering welcome/home.html.erb within layouts/application
  Rendered welcome/home.html.erb within layouts/application (Duration: 0.4ms | Allocations: 160)
  Rendered layout layouts/application.html.erb (Duration: 9.7ms | Allocations: 10352)
Completed 200 OK in 12ms (Views: 10.2ms | ActiveRecord: 0.0ms | Allocations: 10791)


Started GET "/app" for ::1 at 2022-05-17 17:25:43 -0400
Processing by WelcomeController#app as HTML
Completed 401 Unauthorized in 1ms (ActiveRecord: 0.0ms | Allocations: 279)


Started GET "/users/sign_in" for ::1 at 2022-05-17 17:25:43 -0400
Processing by Devise::SessionsController#new as HTML
  Rendering layout layouts/application.html.erb
  Rendering /Users/patrickliang/.rvm/gems/ruby-2.7.4/gems/devise-4.8.1/app/views/devise/sessions/new.html.erb within layouts/application
  Rendered /Users/patrickliang/.rvm/gems/ruby-2.7.4/gems/devise-4.8.1/app/views/devise/shared/_links.html.erb (Duration: 0.2ms | Allocations: 134)
  Rendered /Users/patrickliang/.rvm/gems/ruby-2.7.4/gems/devise-4.8.1/app/views/devise/sessions/new.html.erb within layouts/application (Duration: 2.3ms | Allocations: 1255)
  Rendered layout layouts/application.html.erb (Duration: 11.2ms | Allocations: 11406)
Completed 200 OK in 15ms (Views: 13.0ms | ActiveRecord: 0.0ms | Allocations: 12062)


Started GET "/users/password/new" for ::1 at 2022-05-17 17:25:46 -0400
Processing by Devise::PasswordsController#new as HTML
  Rendering layout layouts/application.html.erb
  Rendering /Users/patrickliang/.rvm/gems/ruby-2.7.4/gems/devise-4.8.1/app/views/devise/passwords/new.html.erb within layouts/application
  Rendered /Users/patrickliang/.rvm/gems/ruby-2.7.4/gems/devise-4.8.1/app/views/devise/shared/_error_messages.html.erb (Duration: 1.3ms | Allocations: 186)
  Rendered /Users/patrickliang/.rvm/gems/ruby-2.7.4/gems/devise-4.8.1/app/views/devise/shared/_links.html.erb (Duration: 0.4ms | Allocations: 167)
  Rendered /Users/patrickliang/.rvm/gems/ruby-2.7.4/gems/devise-4.8.1/app/views/devise/passwords/new.html.erb within layouts/application (Duration: 10.9ms | Allocations: 1462)
  Rendered layout layouts/application.html.erb (Duration: 20.4ms | Allocations: 11611)
Completed 200 OK in 29ms (Views: 24.0ms | ActiveRecord: 0.0ms | Allocations: 12645)


Started GET "/users/sign_up" for ::1 at 2022-05-17 17:25:49 -0400
Processing by Devise::RegistrationsController#new as HTML
  Rendering layout layouts/application.html.erb
  Rendering /Users/patrickliang/.rvm/gems/ruby-2.7.4/gems/devise-4.8.1/app/views/devise/registrations/new.html.erb within layouts/application
  Rendered /Users/patrickliang/.rvm/gems/ruby-2.7.4/gems/devise-4.8.1/app/views/devise/shared/_error_messages.html.erb (Duration: 0.0ms | Allocations: 9)
  Rendered /Users/patrickliang/.rvm/gems/ruby-2.7.4/gems/devise-4.8.1/app/views/devise/shared/_links.html.erb (Duration: 0.1ms | Allocations: 84)
  Rendered /Users/patrickliang/.rvm/gems/ruby-2.7.4/gems/devise-4.8.1/app/views/devise/registrations/new.html.erb within layouts/application (Duration: 2.3ms | Allocations: 1613)
  Rendered layout layouts/application.html.erb (Duration: 8.2ms | Allocations: 11762)
Completed 200 OK in 11ms (Views: 9.8ms | ActiveRecord: 0.0ms | Allocations: 12888)


Started GET "/users/sign_up" for ::1 at 2022-05-17 17:26:08 -0400
Processing by Devise::RegistrationsController#new as HTML
  Rendering layout layouts/application.html.erb
  Rendering /Users/patrickliang/.rvm/gems/ruby-2.7.4/gems/devise-4.8.1/app/views/devise/registrations/new.html.erb within layouts/application
  Rendered /Users/patrickliang/.rvm/gems/ruby-2.7.4/gems/devise-4.8.1/app/views/devise/shared/_error_messages.html.erb (Duration: 0.0ms | Allocations: 9)
  Rendered /Users/patrickliang/.rvm/gems/ruby-2.7.4/gems/devise-4.8.1/app/views/devise/shared/_links.html.erb (Duration: 0.6ms | Allocations: 78)
  Rendered /Users/patrickliang/.rvm/gems/ruby-2.7.4/gems/devise-4.8.1/app/views/devise/registrations/new.html.erb within layouts/application (Duration: 7.4ms | Allocations: 1219)
  Rendered layout layouts/application.html.erb (Duration: 21.1ms | Allocations: 11397)
Completed 200 OK in 24ms (Views: 22.3ms | ActiveRecord: 0.0ms | Allocations: 11964)


Started GET "/users/sign_in" for ::1 at 2022-05-17 17:26:13 -0400
Processing by Devise::SessionsController#new as HTML
  Rendering layout layouts/application.html.erb
  Rendering /Users/patrickliang/.rvm/gems/ruby-2.7.4/gems/devise-4.8.1/app/views/devise/sessions/new.html.erb within layouts/application
  Rendered /Users/patrickliang/.rvm/gems/ruby-2.7.4/gems/devise-4.8.1/app/views/devise/shared/_links.html.erb (Duration: 0.5ms | Allocations: 134)
  Rendered /Users/patrickliang/.rvm/gems/ruby-2.7.4/gems/devise-4.8.1/app/views/devise/sessions/new.html.erb within layouts/application (Duration: 5.2ms | Allocations: 1255)
  Rendered layout layouts/application.html.erb (Duration: 19.3ms | Allocations: 11404)
Completed 200 OK in 22ms (Views: 20.2ms | ActiveRecord: 0.0ms | Allocations: 12037)


Started GET "/users/password/new" for ::1 at 2022-05-17 17:26:14 -0400
Processing by Devise::PasswordsController#new as HTML
  Rendering layout layouts/application.html.erb
  Rendering /Users/patrickliang/.rvm/gems/ruby-2.7.4/gems/devise-4.8.1/app/views/devise/passwords/new.html.erb within layouts/application
  Rendered /Users/patrickliang/.rvm/gems/ruby-2.7.4/gems/devise-4.8.1/app/views/devise/shared/_error_messages.html.erb (Duration: 0.1ms | Allocations: 9)
  Rendered /Users/patrickliang/.rvm/gems/ruby-2.7.4/gems/devise-4.8.1/app/views/devise/shared/_links.html.erb (Duration: 0.3ms | Allocations: 132)
  Rendered /Users/patrickliang/.rvm/gems/ruby-2.7.4/gems/devise-4.8.1/app/views/devise/passwords/new.html.erb within layouts/application (Duration: 2.4ms | Allocations: 797)
  Rendered layout layouts/application.html.erb (Duration: 17.1ms | Allocations: 10946)
Completed 200 OK in 21ms (Views: 18.6ms | ActiveRecord: 0.0ms | Allocations: 11487)


Started GET "/users/sign_in" for ::1 at 2022-05-17 17:26:17 -0400
Processing by Devise::SessionsController#new as HTML
  Rendering layout layouts/application.html.erb
  Rendering /Users/patrickliang/.rvm/gems/ruby-2.7.4/gems/devise-4.8.1/app/views/devise/sessions/new.html.erb within layouts/application
  Rendered /Users/patrickliang/.rvm/gems/ruby-2.7.4/gems/devise-4.8.1/app/views/devise/shared/_links.html.erb (Duration: 0.5ms | Allocations: 134)
  Rendered /Users/patrickliang/.rvm/gems/ruby-2.7.4/gems/devise-4.8.1/app/views/devise/sessions/new.html.erb within layouts/application (Duration: 12.8ms | Allocations: 1246)
  Rendered layout layouts/application.html.erb (Duration: 22.0ms | Allocations: 11392)
Completed 200 OK in 25ms (Views: 23.3ms | ActiveRecord: 0.0ms | Allocations: 12022)


